<?xml version="1.0" encoding="UTF-8"?>
<testsuite name="basicSelenium.BasicDeleteProjectTest" tests="1" skipped="0" failures="0" errors="0" timestamp="2021-03-08T04:35:37" hostname="LAPTOP-0QK3E9B0" time="19.557">
  <properties/>
  <testcase name="loginTodoLy" classname="basicSelenium.BasicDeleteProjectTest" time="19.557"/>
  <system-out><![CDATA[]]></system-out>
  <system-err><![CDATA[Starting ChromeDriver 89.0.4389.23 (61b08ee2c50024bab004e48d2b1b083cdbdac579-refs/branch-heads/4389@{#294}) on port 46448
Only local connections are allowed.
Please see https://chromedriver.chromium.org/security-considerations for suggestions on keeping ChromeDriver safe.
ChromeDriver was started successfully.
mar 08, 2021 12:35:39 AM org.openqa.selenium.remote.ProtocolHandshake createSession
INFORMACIÓN: Detected dialect: W3C
]]></system-err>
</testsuite>
